<?xml version="1.0" ?>
<coverage branch-rate="0" branches-covered="0" branches-valid="0" complexity="0" line-rate="0.09524" lines-covered="2" lines-valid="21" timestamp="1498082155385" version="4.4.1">
	<!-- Generated by coverage.py: https://coverage.readthedocs.io -->
	<!-- Based on https://raw.githubusercontent.com/cobertura/web/master/htdocs/xml/coverage-04.dtd -->
	<sources>
		<source>C:\Users\Louisa Raute\GIT\inaeternum</source>
	</sources>
	<packages>
		<package branch-rate="0" complexity="0" line-rate="0.09524" name="polls">
			<classes>
				<class branch-rate="0" complexity="0" filename="polls/models.py" line-rate="0.09524" name="models.py">
					<methods/>
					<lines>
						<line hits="1" number="1"/>
						<line hits="1" number="2"/>
						<line hits="0" number="5"/>
						<line hits="0" number="7"/>
						<line hits="0" number="11"/>
						<line hits="0" number="14"/>
						<line hits="0" number="19"/>
						<line hits="0" number="20"/>
						<line hits="0" number="21"/>
						<line hits="0" number="22"/>
						<line hits="0" number="23"/>
						<line hits="0" number="24"/>
						<line hits="0" number="25"/>
						<line hits="0" number="26"/>
						<line hits="0" number="29"/>
						<line hits="0" number="32"/>
						<line hits="0" number="33"/>
						<line hits="0" number="34"/>
						<line hits="0" number="35"/>
						<line hits="0" number="36"/>
						<line hits="0" number="38"/>
					</lines>
				</class>
			</classes>
		</package>
	</packages>
</coverage>
